

times in msec
 clock   self+sourced   self:  sourced script
 clock   elapsed:              other lines

000.005  000.005: --- NVIM STARTING ---
000.427  000.422: locale set
000.845  000.418: inits 1
000.858  000.013: window checked
000.861  000.004: parsing arguments
003.540  002.679: expanding arguments
003.569  000.029: inits 2
004.094  000.525: init highlight
004.097  000.003: waiting for UI
004.924  000.827: done waiting for UI
004.950  000.026: init screen for UI
004.974  000.024: init default mappings
005.010  000.036: init default autocommands
005.497  000.074  000.074: sourcing /home/linuxbrew/.linuxbrew/Cellar/neovim/0.7.0/share/nvim/runtime/ftplugin.vim
005.576  000.037  000.037: sourcing /home/linuxbrew/.linuxbrew/Cellar/neovim/0.7.0/share/nvim/runtime/indent.vim
012.360  006.746  006.746: sourcing /home/notken12/.config/nvim/init.lua
012.371  000.504: sourcing vimrc file(s)
012.441  000.029  000.029: sourcing /home/notken12/.local/share/nvim/site/pack/packer/start/filetype.nvim/filetype.vim
012.505  000.030  000.030: sourcing /home/linuxbrew/.linuxbrew/Cellar/neovim/0.7.0/share/nvim/runtime/filetype.lua
012.540  000.016  000.016: sourcing /home/linuxbrew/.linuxbrew/Cellar/neovim/0.7.0/share/nvim/runtime/filetype.vim
012.713  000.098  000.098: sourcing /home/linuxbrew/.linuxbrew/Cellar/neovim/0.7.0/share/nvim/runtime/syntax/synload.vim
012.831  000.272  000.174: sourcing /home/linuxbrew/.linuxbrew/Cellar/neovim/0.7.0/share/nvim/runtime/syntax/syntax.vim
013.337  000.018  000.018: sourcing /home/linuxbrew/.linuxbrew/Cellar/neovim/0.7.0/share/nvim/runtime/plugin/gzip.vim
013.361  000.011  000.011: sourcing /home/linuxbrew/.linuxbrew/Cellar/neovim/0.7.0/share/nvim/runtime/plugin/health.vim
013.414  000.041  000.041: sourcing /home/linuxbrew/.linuxbrew/Cellar/neovim/0.7.0/share/nvim/runtime/plugin/man.vim
013.440  000.013  000.013: sourcing /home/linuxbrew/.linuxbrew/Cellar/neovim/0.7.0/share/nvim/runtime/plugin/matchit.vim
013.631  000.180  000.180: sourcing /home/linuxbrew/.linuxbrew/Cellar/neovim/0.7.0/share/nvim/runtime/plugin/matchparen.vim
013.666  000.019  000.019: sourcing /home/linuxbrew/.linuxbrew/Cellar/neovim/0.7.0/share/nvim/runtime/plugin/netrwPlugin.vim
013.812  000.009  000.009: sourcing /home/notken12/.local/share/nvim/rplugin.vim
013.820  000.142  000.133: sourcing /home/linuxbrew/.linuxbrew/Cellar/neovim/0.7.0/share/nvim/runtime/plugin/rplugin.vim
013.909  000.078  000.078: sourcing /home/linuxbrew/.linuxbrew/Cellar/neovim/0.7.0/share/nvim/runtime/plugin/shada.vim
013.937  000.012  000.012: sourcing /home/linuxbrew/.linuxbrew/Cellar/neovim/0.7.0/share/nvim/runtime/plugin/spellfile.vim
013.966  000.017  000.017: sourcing /home/linuxbrew/.linuxbrew/Cellar/neovim/0.7.0/share/nvim/runtime/plugin/tarPlugin.vim
013.990  000.011  000.011: sourcing /home/linuxbrew/.linuxbrew/Cellar/neovim/0.7.0/share/nvim/runtime/plugin/tohtml.vim
014.023  000.020  000.020: sourcing /home/linuxbrew/.linuxbrew/Cellar/neovim/0.7.0/share/nvim/runtime/plugin/tutor.vim
014.053  000.017  000.017: sourcing /home/linuxbrew/.linuxbrew/Cellar/neovim/0.7.0/share/nvim/runtime/plugin/zipPlugin.vim
014.894  000.780  000.780: sourcing /home/notken12/.config/nvim/plugin/packer_compiled.lua
015.102  001.026: loading rtp plugins
015.301  000.040  000.040: sourcing /home/notken12/.local/share/nvim/site/pack/packer/start/plenary.nvim/plugin/plenary.vim
015.453  000.311: loading packages
016.050  000.597: loading after plugins
016.072  000.022: inits 3
016.075  000.003: reading ShaDa
016.373  000.298: opening buffers
016.419  000.046: BufEnter autocommands
016.422  000.004: editing files in windows
019.990  000.061  000.061: sourcing /home/notken12/.local/share/nvim/site/pack/packer/opt/nvim-web-devicons/plugin/nvim-web-devicons.vim
036.178  019.696: VimEnter autocommands
036.188  000.010: UIEnter autocommands
670.322  633.507  633.507: sourcing /home/linuxbrew/.linuxbrew/Cellar/neovim/0.7.0/share/nvim/runtime/autoload/provider/clipboard.vim
670.377  000.682: before starting main loop
683.961  013.584: first screen update
683.978  000.016: --- NVIM STARTED ---
